Using pre-set license

 COMMAND LINE ARGUMENTS:
/Applications/Unity/Unity.app/Contents/MacOS/Unity
-adb2
-batchMode
-noUpm
-name
AssetImportWorker0
-projectPath
/Users/cslab-mbp-one/Desktop/CART_315_IterativePrototype
-logFile
Logs/AssetImportWorker0.log
-srvPort
59306
Successfully changed project path to: /Users/cslab-mbp-one/Desktop/CART_315_IterativePrototype
/Users/cslab-mbp-one/Desktop/CART_315_IterativePrototype
Using Asset Import Pipeline V2.
Refreshing native plugins compatible for Editor in 50.10 ms, found 1 plugins.
Preloading 0 native plugins for Editor in 0.00 ms.
Initialize engine version: 2020.2.1f1 (270dd8c3da1c)
[Subsystems] Discovering subsystems at path /Applications/Unity/Unity.app/Contents/Resources/UnitySubsystems
[Subsystems] Discovering subsystems at path /Users/cslab-mbp-one/Desktop/CART_315_IterativePrototype/Assets
GfxDevice: creating device client; threaded=0
2021-03-28 20:00:05.792 Unity[12749:232955] Color LCD preferred device: Intel Iris Pro Graphics (low power)
2021-03-28 20:00:05.792 Unity[12749:232955] Metal devices available: 1
2021-03-28 20:00:05.792 Unity[12749:232955] 0: Intel Iris Pro Graphics (low power)
2021-03-28 20:00:05.793 Unity[12749:232955] Using device Intel Iris Pro Graphics (low power)
Initializing Metal device caps: Intel Iris Pro Graphics
Initialize mono
Mono path[0] = '/Applications/Unity/Unity.app/Contents/Managed'
Mono path[1] = '/Applications/Unity/Unity.app/Contents/MonoBleedingEdge/lib/mono/unityjit'
Mono config path = '/Applications/Unity/Unity.app/Contents/MonoBleedingEdge/etc'
Using monoOptions --debugger-agent=transport=dt_socket,embedding=1,server=y,suspend=n,address=127.0.0.1:56749
Begin MonoManager ReloadAssembly
Registering precompiled unity dll's ...
Register platform support module: /Applications/Unity/Unity.app/Contents/PlaybackEngines/MacStandaloneSupport/UnityEditor.OSXStandalone.Extensions.dll
Registered in 0.000480 seconds.
Native extension for OSXStandalone target not found
Refreshing native plugins compatible for Editor in 46.72 ms, found 1 plugins.
Preloading 0 native plugins for Editor in 0.00 ms.
Invoked RoslynAnalysisRunner static constructor.
RoslynAnalysisRunner will not be running.
RoslynAnalysisRunner has terminated.
Mono: successfully reloaded assembly
- Completed reload, in  1.642 seconds
Platform modules already initialized, skipping
Registering precompiled user dll's ...
Registered in 0.000586 seconds.
Begin MonoManager ReloadAssembly
Native extension for OSXStandalone target not found
Refreshing native plugins compatible for Editor in 0.57 ms, found 1 plugins.
Preloading 0 native plugins for Editor in 0.00 ms.
Invoked RoslynAnalysisRunner static constructor.
RoslynAnalysisRunner will not be running.
RoslynAnalysisRunner has terminated.
Mono: successfully reloaded assembly
- Completed reload, in  1.524 seconds
Platform modules already initialized, skipping
========================================================================
Worker process is ready to serve import requests
Launching external process: /Applications/Unity/Unity.app/Contents/Tools/UnityShaderCompiler
Launched and connected shader compiler UnityShaderCompiler after 0.02 seconds
Refreshing native plugins compatible for Editor in 0.59 ms, found 1 plugins.
Preloading 0 native plugins for Editor in 0.00 ms.
Unloading 1634 Unused Serialized files (Serialized files now loaded: 0)
System memory in use before: 161.9 MB.
System memory in use after: 161.4 MB.

Unloading 76 unused Assets to reduce memory usage. Loaded Objects now: 2094.
Total: 4.306974 ms (FindLiveObjects: 0.313729 ms CreateObjectMapping: 0.136909 ms MarkObjects: 3.038680 ms  DeleteObjects: 0.816095 ms)

========================================================================
Received Import Request.
  path: Assets/Scenes/CLICKME.unity
  artifactKey: Guid(b5ed938b510904de984da64b50d754c4) Importer(815301076,1909f56bfc062723c751e8b465ee728b)
Start importing Assets/Scenes/CLICKME.unity using Guid(b5ed938b510904de984da64b50d754c4) Importer(815301076,1909f56bfc062723c751e8b465ee728b)  -> (artifact id: '5e40a0afc5b68af1420b49e33ad2e56c') in 0.007600 seconds
  Import took 0.012419 seconds .

========================================================================
Received Import Request.
  Time since last request: 13.432277 seconds.
  path: Assets/Scenes/Crater.unity
  artifactKey: Guid(99416aa17f3084b55b58fe46d5a4643a) Importer(815301076,1909f56bfc062723c751e8b465ee728b)
Start importing Assets/Scenes/Crater.unity using Guid(99416aa17f3084b55b58fe46d5a4643a) Importer(815301076,1909f56bfc062723c751e8b465ee728b)  -> (artifact id: '50592a4a2df13a63fbda7d956fc0998c') in 0.002093 seconds
  Import took 0.007085 seconds .

========================================================================
Received Import Request.
  Time since last request: 0.000808 seconds.
  path: Assets/Scenes/Crater.unity
  artifactKey: Guid(99416aa17f3084b55b58fe46d5a4643a) Importer(815301076,1909f56bfc062723c751e8b465ee728b)
Start importing Assets/Scenes/Crater.unity using Guid(99416aa17f3084b55b58fe46d5a4643a) Importer(815301076,1909f56bfc062723c751e8b465ee728b)  -> (artifact id: '50592a4a2df13a63fbda7d956fc0998c') in 0.001096 seconds
  Import took 0.004305 seconds .

