Using pre-set license

 COMMAND LINE ARGUMENTS:
/Applications/Unity/Unity.app/Contents/MacOS/Unity
-adb2
-batchMode
-noUpm
-name
AssetImportWorker1
-projectPath
/Users/cslab-mbp-one/Desktop/CART_315_IterativePrototype
-logFile
Logs/AssetImportWorker1.log
-srvPort
49236
Successfully changed project path to: /Users/cslab-mbp-one/Desktop/CART_315_IterativePrototype
/Users/cslab-mbp-one/Desktop/CART_315_IterativePrototype
Using Asset Import Pipeline V2.
Refreshing native plugins compatible for Editor in 51.69 ms, found 1 plugins.
Preloading 0 native plugins for Editor in 0.00 ms.
Initialize engine version: 2020.2.1f1 (270dd8c3da1c)
[Subsystems] Discovering subsystems at path /Applications/Unity/Unity.app/Contents/Resources/UnitySubsystems
[Subsystems] Discovering subsystems at path /Users/cslab-mbp-one/Desktop/CART_315_IterativePrototype/Assets
GfxDevice: creating device client; threaded=0
2021-03-28 18:23:59.695 Unity[10147:197404] Color LCD preferred device: Intel Iris Pro Graphics (low power)
2021-03-28 18:23:59.695 Unity[10147:197404] Metal devices available: 1
2021-03-28 18:23:59.695 Unity[10147:197404] 0: Intel Iris Pro Graphics (low power)
2021-03-28 18:23:59.696 Unity[10147:197404] Using device Intel Iris Pro Graphics (low power)
Initializing Metal device caps: Intel Iris Pro Graphics
Initialize mono
Mono path[0] = '/Applications/Unity/Unity.app/Contents/Managed'
Mono path[1] = '/Applications/Unity/Unity.app/Contents/MonoBleedingEdge/lib/mono/unityjit'
Mono config path = '/Applications/Unity/Unity.app/Contents/MonoBleedingEdge/etc'
Using monoOptions --debugger-agent=transport=dt_socket,embedding=1,server=y,suspend=n,address=127.0.0.1:56147
Begin MonoManager ReloadAssembly
Registering precompiled unity dll's ...
Register platform support module: /Applications/Unity/Unity.app/Contents/PlaybackEngines/MacStandaloneSupport/UnityEditor.OSXStandalone.Extensions.dll
Registered in 0.000467 seconds.
Native extension for OSXStandalone target not found
Refreshing native plugins compatible for Editor in 46.54 ms, found 1 plugins.
Preloading 0 native plugins for Editor in 0.00 ms.
Invoked RoslynAnalysisRunner static constructor.
RoslynAnalysisRunner will not be running.
RoslynAnalysisRunner has terminated.
Mono: successfully reloaded assembly
- Completed reload, in  2.104 seconds
Platform modules already initialized, skipping
Registering precompiled user dll's ...
Registered in 0.000569 seconds.
Begin MonoManager ReloadAssembly
Native extension for OSXStandalone target not found
Refreshing native plugins compatible for Editor in 0.42 ms, found 1 plugins.
Preloading 0 native plugins for Editor in 0.00 ms.
Invoked RoslynAnalysisRunner static constructor.
RoslynAnalysisRunner will not be running.
RoslynAnalysisRunner has terminated.
Mono: successfully reloaded assembly
- Completed reload, in  1.249 seconds
Platform modules already initialized, skipping
========================================================================
Worker process is ready to serve import requests
Launching external process: /Applications/Unity/Unity.app/Contents/Tools/UnityShaderCompiler
Launched and connected shader compiler UnityShaderCompiler after 0.02 seconds
Refreshing native plugins compatible for Editor in 0.47 ms, found 1 plugins.
Preloading 0 native plugins for Editor in 0.00 ms.
Unloading 1633 Unused Serialized files (Serialized files now loaded: 0)
System memory in use before: 161.4 MB.
System memory in use after: 160.9 MB.

Unloading 76 unused Assets to reduce memory usage. Loaded Objects now: 2093.
Total: 3.651555 ms (FindLiveObjects: 0.326674 ms CreateObjectMapping: 0.076065 ms MarkObjects: 2.498440 ms  DeleteObjects: 0.748510 ms)

========================================================================
Received Import Request.
  path: Assets/Scenes/Ambush.unity
  artifactKey: Guid(304dcbdb4b0654bd691a612787e081e0) Importer(815301076,1909f56bfc062723c751e8b465ee728b)
Start importing Assets/Scenes/Ambush.unity using Guid(304dcbdb4b0654bd691a612787e081e0) Importer(815301076,1909f56bfc062723c751e8b465ee728b)  -> (artifact id: '06f84b596de36e7a70352956ddeda071') in 0.006571 seconds
  Import took 0.011121 seconds .

========================================================================
Received Import Request.
  Time since last request: 82.684104 seconds.
  path: Assets/Scenes/Overworld.unity
  artifactKey: Guid(2c30f6cb14fc24e8082d4a940a77ae33) Importer(815301076,1909f56bfc062723c751e8b465ee728b)
Start importing Assets/Scenes/Overworld.unity using Guid(2c30f6cb14fc24e8082d4a940a77ae33) Importer(815301076,1909f56bfc062723c751e8b465ee728b)  -> (artifact id: '526d6a89e0222213d469f0340cb7f8ae') in 0.002957 seconds
  Import took 0.006347 seconds .

========================================================================
Received Import Request.
  Time since last request: 32.877821 seconds.
  path: Assets/Scripts/DontDestroyOthers.cs
  artifactKey: Guid(4ce23bf038b034dd4a1869e23f9890da) Importer(815301076,1909f56bfc062723c751e8b465ee728b)
Start importing Assets/Scripts/DontDestroyOthers.cs using Guid(4ce23bf038b034dd4a1869e23f9890da) Importer(815301076,1909f56bfc062723c751e8b465ee728b)  -> (artifact id: '90bea3381b7d5c5741838335fd8aad60') in 0.042306 seconds
  Import took 0.046571 seconds .

========================================================================
Received Prepare
Registering precompiled user dll's ...
Registered in 0.000537 seconds.
Begin MonoManager ReloadAssembly
Native extension for OSXStandalone target not found
Refreshing native plugins compatible for Editor in 0.73 ms, found 1 plugins.
Preloading 0 native plugins for Editor in 0.00 ms.
Warning: Annotation not found!
UnityEngine.StackTraceUtility:ExtractStackTrace () (at /Users/bokken/buildslave/unity/build/Runtime/Export/Scripting/StackTrace.cs:37)
UnityEditor.ProBuilder.EditorUtility:SetGizmoIconEnabled (System.Type,bool) (at Library/PackageCache/com.unity.probuilder@4.4.0/Editor/EditorCore/EditorUtility.cs:593)
UnityEditor.ProBuilder.HierarchyListener:.cctor () (at Library/PackageCache/com.unity.probuilder@4.4.0/Editor/EditorCore/HierarchyListener.cs:21)
System.Runtime.CompilerServices.RuntimeHelpers:RunClassConstructor (System.RuntimeTypeHandle)
UnityEditor.EditorAssemblies:ProcessInitializeOnLoadAttributes (System.Type[]) (at /Users/bokken/buildslave/unity/build/Editor/Mono/EditorAssemblies.cs:114)

[Library/PackageCache/com.unity.probuilder@4.4.0/Editor/EditorCore/EditorUtility.cs line 593]

Invoked RoslynAnalysisRunner static constructor.
RoslynAnalysisRunner will not be running.
RoslynAnalysisRunner has terminated.
Mono: successfully reloaded assembly
- Completed reload, in  1.126 seconds
Platform modules already initialized, skipping
Refreshing native plugins compatible for Editor in 0.45 ms, found 1 plugins.
Preloading 0 native plugins for Editor in 0.00 ms.
Unloading 1571 Unused Serialized files (Serialized files now loaded: 0)
System memory in use before: 159.4 MB.
System memory in use after: 158.9 MB.

Unloading 10 unused Assets to reduce memory usage. Loaded Objects now: 2096.
Total: 3.755985 ms (FindLiveObjects: 0.275181 ms CreateObjectMapping: 0.088608 ms MarkObjects: 2.603708 ms  DeleteObjects: 0.787321 ms)

========================================================================
Received Import Request.
  Time since last request: 87.160277 seconds.
  path: Assets/Scripts/DontDestroyOthers.cs
  artifactKey: Guid(4ce23bf038b034dd4a1869e23f9890da) Importer(815301076,1909f56bfc062723c751e8b465ee728b)
Start importing Assets/Scripts/DontDestroyOthers.cs using Guid(4ce23bf038b034dd4a1869e23f9890da) Importer(815301076,1909f56bfc062723c751e8b465ee728b)  -> (artifact id: 'fd9111ff7b1af50ec3978723b59ebba7') in 0.006777 seconds
  Import took 0.010810 seconds .

========================================================================
Received Import Request.
  Time since last request: 35.156474 seconds.
  path: Assets/Scripts/DontDestroyOthers.cs
  artifactKey: Guid(4ce23bf038b034dd4a1869e23f9890da) Importer(815301076,1909f56bfc062723c751e8b465ee728b)
Start importing Assets/Scripts/DontDestroyOthers.cs using Guid(4ce23bf038b034dd4a1869e23f9890da) Importer(815301076,1909f56bfc062723c751e8b465ee728b)  -> (artifact id: 'b4a31e0b0cb35922491e03959a53e768') in 0.002378 seconds
  Import took 0.005832 seconds .

========================================================================
Received Prepare
Registering precompiled user dll's ...
Registered in 0.000634 seconds.
Begin MonoManager ReloadAssembly
Native extension for OSXStandalone target not found
Refreshing native plugins compatible for Editor in 0.44 ms, found 1 plugins.
Preloading 0 native plugins for Editor in 0.00 ms.
Warning: Annotation not found!
UnityEngine.StackTraceUtility:ExtractStackTrace () (at /Users/bokken/buildslave/unity/build/Runtime/Export/Scripting/StackTrace.cs:37)
UnityEditor.ProBuilder.EditorUtility:SetGizmoIconEnabled (System.Type,bool) (at Library/PackageCache/com.unity.probuilder@4.4.0/Editor/EditorCore/EditorUtility.cs:593)
UnityEditor.ProBuilder.HierarchyListener:.cctor () (at Library/PackageCache/com.unity.probuilder@4.4.0/Editor/EditorCore/HierarchyListener.cs:21)
System.Runtime.CompilerServices.RuntimeHelpers:RunClassConstructor (System.RuntimeTypeHandle)
UnityEditor.EditorAssemblies:ProcessInitializeOnLoadAttributes (System.Type[]) (at /Users/bokken/buildslave/unity/build/Editor/Mono/EditorAssemblies.cs:114)

[Library/PackageCache/com.unity.probuilder@4.4.0/Editor/EditorCore/EditorUtility.cs line 593]

Invoked RoslynAnalysisRunner static constructor.
RoslynAnalysisRunner will not be running.
RoslynAnalysisRunner has terminated.
Mono: successfully reloaded assembly
- Completed reload, in  1.099 seconds
Platform modules already initialized, skipping
Refreshing native plugins compatible for Editor in 0.46 ms, found 1 plugins.
Preloading 0 native plugins for Editor in 0.00 ms.
Unloading 1571 Unused Serialized files (Serialized files now loaded: 0)
System memory in use before: 159.5 MB.
System memory in use after: 159.1 MB.

Unloading 10 unused Assets to reduce memory usage. Loaded Objects now: 2098.
Total: 3.501383 ms (FindLiveObjects: 0.260747 ms CreateObjectMapping: 0.134861 ms MarkObjects: 2.406153 ms  DeleteObjects: 0.698062 ms)

========================================================================
Received Prepare
Registering precompiled user dll's ...
Registered in 0.000471 seconds.
Begin MonoManager ReloadAssembly
Native extension for OSXStandalone target not found
Refreshing native plugins compatible for Editor in 0.43 ms, found 1 plugins.
Preloading 0 native plugins for Editor in 0.00 ms.
Warning: Annotation not found!
UnityEngine.StackTraceUtility:ExtractStackTrace () (at /Users/bokken/buildslave/unity/build/Runtime/Export/Scripting/StackTrace.cs:37)
UnityEditor.ProBuilder.EditorUtility:SetGizmoIconEnabled (System.Type,bool) (at Library/PackageCache/com.unity.probuilder@4.4.0/Editor/EditorCore/EditorUtility.cs:593)
UnityEditor.ProBuilder.HierarchyListener:.cctor () (at Library/PackageCache/com.unity.probuilder@4.4.0/Editor/EditorCore/HierarchyListener.cs:21)
System.Runtime.CompilerServices.RuntimeHelpers:RunClassConstructor (System.RuntimeTypeHandle)
UnityEditor.EditorAssemblies:ProcessInitializeOnLoadAttributes (System.Type[]) (at /Users/bokken/buildslave/unity/build/Editor/Mono/EditorAssemblies.cs:114)

[Library/PackageCache/com.unity.probuilder@4.4.0/Editor/EditorCore/EditorUtility.cs line 593]

Invoked RoslynAnalysisRunner static constructor.
RoslynAnalysisRunner will not be running.
RoslynAnalysisRunner has terminated.
Mono: successfully reloaded assembly
- Completed reload, in  1.099 seconds
Platform modules already initialized, skipping
Refreshing native plugins compatible for Editor in 0.49 ms, found 1 plugins.
Preloading 0 native plugins for Editor in 0.00 ms.
Unloading 1571 Unused Serialized files (Serialized files now loaded: 0)
System memory in use before: 159.8 MB.
System memory in use after: 159.3 MB.

Unloading 10 unused Assets to reduce memory usage. Loaded Objects now: 2100.
Total: 3.767596 ms (FindLiveObjects: 0.315889 ms CreateObjectMapping: 0.070650 ms MarkObjects: 2.548521 ms  DeleteObjects: 0.830749 ms)

========================================================================
Received Import Request.
  Time since last request: 166.946690 seconds.
  path: Assets/Prefabs/CanvasHUD.prefab
  artifactKey: Guid(8ecd1d8aac5be4f7d84816c188665227) Importer(815301076,1909f56bfc062723c751e8b465ee728b)
Start importing Assets/Prefabs/CanvasHUD.prefab using Guid(8ecd1d8aac5be4f7d84816c188665227) Importer(815301076,1909f56bfc062723c751e8b465ee728b)  -> (artifact id: '7ad9ef5720058b240e7733c40f645cad') in 0.078813 seconds
  Import took 0.083172 seconds .

========================================================================
Received Import Request.
  Time since last request: 0.000361 seconds.
  path: Assets/Prefabs/PLAYER(RigidBodyFPSController).prefab
  artifactKey: Guid(8bef60b4eb1a045e0837c0c2bf6a4aae) Importer(815301076,1909f56bfc062723c751e8b465ee728b)
Start importing Assets/Prefabs/PLAYER(RigidBodyFPSController).prefab using Guid(8bef60b4eb1a045e0837c0c2bf6a4aae) Importer(815301076,1909f56bfc062723c751e8b465ee728b)  -> (artifact id: '4f28f6fd35272b32794a2a67f50daf7a') in 0.087488 seconds
  Import took 0.090664 seconds .

========================================================================
Received Prepare
Registering precompiled user dll's ...
Registered in 0.000505 seconds.
Begin MonoManager ReloadAssembly
Native extension for OSXStandalone target not found
Refreshing native plugins compatible for Editor in 0.45 ms, found 1 plugins.
Preloading 0 native plugins for Editor in 0.00 ms.
Warning: Annotation not found!
UnityEngine.StackTraceUtility:ExtractStackTrace () (at /Users/bokken/buildslave/unity/build/Runtime/Export/Scripting/StackTrace.cs:37)
UnityEditor.ProBuilder.EditorUtility:SetGizmoIconEnabled (System.Type,bool) (at Library/PackageCache/com.unity.probuilder@4.4.0/Editor/EditorCore/EditorUtility.cs:593)
UnityEditor.ProBuilder.HierarchyListener:.cctor () (at Library/PackageCache/com.unity.probuilder@4.4.0/Editor/EditorCore/HierarchyListener.cs:21)
System.Runtime.CompilerServices.RuntimeHelpers:RunClassConstructor (System.RuntimeTypeHandle)
UnityEditor.EditorAssemblies:ProcessInitializeOnLoadAttributes (System.Type[]) (at /Users/bokken/buildslave/unity/build/Editor/Mono/EditorAssemblies.cs:114)

[Library/PackageCache/com.unity.probuilder@4.4.0/Editor/EditorCore/EditorUtility.cs line 593]

Invoked RoslynAnalysisRunner static constructor.
RoslynAnalysisRunner will not be running.
RoslynAnalysisRunner has terminated.
Mono: successfully reloaded assembly
- Completed reload, in  1.048 seconds
Platform modules already initialized, skipping
Refreshing native plugins compatible for Editor in 0.43 ms, found 1 plugins.
Preloading 0 native plugins for Editor in 0.00 ms.
Unloading 1571 Unused Serialized files (Serialized files now loaded: 0)
System memory in use before: 169.2 MB.
System memory in use after: 168.8 MB.

Unloading 12 unused Assets to reduce memory usage. Loaded Objects now: 2112.
Total: 3.510739 ms (FindLiveObjects: 0.299345 ms CreateObjectMapping: 0.071932 ms MarkObjects: 2.461970 ms  DeleteObjects: 0.675214 ms)

========================================================================
Received Prepare
Registering precompiled user dll's ...
Registered in 0.000480 seconds.
Begin MonoManager ReloadAssembly
Native extension for OSXStandalone target not found
Refreshing native plugins compatible for Editor in 0.55 ms, found 1 plugins.
Preloading 0 native plugins for Editor in 0.00 ms.
Warning: Annotation not found!
UnityEngine.StackTraceUtility:ExtractStackTrace () (at /Users/bokken/buildslave/unity/build/Runtime/Export/Scripting/StackTrace.cs:37)
UnityEditor.ProBuilder.EditorUtility:SetGizmoIconEnabled (System.Type,bool) (at Library/PackageCache/com.unity.probuilder@4.4.0/Editor/EditorCore/EditorUtility.cs:593)
UnityEditor.ProBuilder.HierarchyListener:.cctor () (at Library/PackageCache/com.unity.probuilder@4.4.0/Editor/EditorCore/HierarchyListener.cs:21)
System.Runtime.CompilerServices.RuntimeHelpers:RunClassConstructor (System.RuntimeTypeHandle)
UnityEditor.EditorAssemblies:ProcessInitializeOnLoadAttributes (System.Type[]) (at /Users/bokken/buildslave/unity/build/Editor/Mono/EditorAssemblies.cs:114)

[Library/PackageCache/com.unity.probuilder@4.4.0/Editor/EditorCore/EditorUtility.cs line 593]

Invoked RoslynAnalysisRunner static constructor.
RoslynAnalysisRunner will not be running.
RoslynAnalysisRunner has terminated.
Mono: successfully reloaded assembly
- Completed reload, in  1.172 seconds
Platform modules already initialized, skipping
Refreshing native plugins compatible for Editor in 0.43 ms, found 1 plugins.
Preloading 0 native plugins for Editor in 0.00 ms.
Unloading 1571 Unused Serialized files (Serialized files now loaded: 0)
System memory in use before: 169.4 MB.
System memory in use after: 169.0 MB.

Unloading 10 unused Assets to reduce memory usage. Loaded Objects now: 2114.
Total: 4.021770 ms (FindLiveObjects: 0.319667 ms CreateObjectMapping: 0.141256 ms MarkObjects: 2.698566 ms  DeleteObjects: 0.860666 ms)

